  pa6.c
C:\Users\lucar\OneDrive\Documents\WSU\CPTS121\PA6\PA6\pa6.c(27,22): warning C4047: '=': 'char *' differs in levels of indirection from 'int'
C:\Users\lucar\OneDrive\Documents\WSU\CPTS121\PA6\PA6\pa6.c(28,22): warning C4047: '=': 'char *' differs in levels of indirection from 'int'
C:\Users\lucar\OneDrive\Documents\WSU\CPTS121\PA6\PA6\pa6.c(32,23): warning C4047: 'function': 'char *(*)[10]' differs in levels of indirection from 'char *(**)[10]'
C:\Users\lucar\OneDrive\Documents\WSU\CPTS121\PA6\PA6\pa6.c(32,16): warning C4024: 'display_board': different types for formal and actual parameter 1
C:\Users\lucar\OneDrive\Documents\WSU\CPTS121\PA6\PA6\pa6.c(32,32): warning C4047: 'function': 'char *(*)[10]' differs in levels of indirection from 'char *(**)[10]'
C:\Users\lucar\OneDrive\Documents\WSU\CPTS121\PA6\PA6\pa6.c(32,25): warning C4024: 'display_board': different types for formal and actual parameter 2
C:\Users\lucar\OneDrive\Documents\WSU\CPTS121\PA6\PA6\pa6.c(55,29): warning C4047: '==': 'char *' differs in levels of indirection from 'int'
C:\Users\lucar\OneDrive\Documents\WSU\CPTS121\PA6\PA6\pa6.c(55,51): warning C4047: '==': 'char *' differs in levels of indirection from 'int'
C:\Users\lucar\OneDrive\Documents\WSU\CPTS121\PA6\PA6\pa6.c(57,13): warning C4477: 'printf' : format string '%c' requires an argument of type 'int', but variadic argument 1 has type 'char *'
C:\Users\lucar\OneDrive\Documents\WSU\CPTS121\PA6\PA6\pa6.c(57,13): warning C4313: 'printf': '%c' in format string conflicts with argument 1 of type 'char *'
C:\Users\lucar\OneDrive\Documents\WSU\CPTS121\PA6\PA6\pa6.c(66,12): warning C4477: 'printf' : format string '%c' requires an argument of type 'int', but variadic argument 1 has type 'char *'
C:\Users\lucar\OneDrive\Documents\WSU\CPTS121\PA6\PA6\pa6.c(66,12): warning C4313: 'printf': '%c' in format string conflicts with argument 1 of type 'char *'
C:\Users\lucar\OneDrive\Documents\WSU\CPTS121\PA6\PA6\pa6.c(83,29): warning C4047: '==': 'char *' differs in levels of indirection from 'int'
C:\Users\lucar\OneDrive\Documents\WSU\CPTS121\PA6\PA6\pa6.c(83,51): warning C4047: '==': 'char *' differs in levels of indirection from 'int'
C:\Users\lucar\OneDrive\Documents\WSU\CPTS121\PA6\PA6\pa6.c(85,13): warning C4477: 'printf' : format string '%c' requires an argument of type 'int', but variadic argument 1 has type 'char *'
C:\Users\lucar\OneDrive\Documents\WSU\CPTS121\PA6\PA6\pa6.c(85,13): warning C4313: 'printf': '%c' in format string conflicts with argument 1 of type 'char *'
C:\Users\lucar\OneDrive\Documents\WSU\CPTS121\PA6\PA6\pa6.c(94,12): warning C4477: 'printf' : format string '%c' requires an argument of type 'int', but variadic argument 1 has type 'char *'
C:\Users\lucar\OneDrive\Documents\WSU\CPTS121\PA6\PA6\pa6.c(94,12): warning C4313: 'printf': '%c' in format string conflicts with argument 1 of type 'char *'
C:\Users\lucar\OneDrive\Documents\WSU\CPTS121\PA6\PA6\pa6.c(121,32): warning C4047: '==': 'char *' differs in levels of indirection from 'int'
C:\Users\lucar\OneDrive\Documents\WSU\CPTS121\PA6\PA6\pa6.c(148,32): warning C4047: '==': 'char *' differs in levels of indirection from 'int'
C:\Users\lucar\OneDrive\Documents\WSU\CPTS121\PA6\PA6\pa6.c(169,28): warning C4047: '==': 'char *' differs in levels of indirection from 'int'
C:\Users\lucar\OneDrive\Documents\WSU\CPTS121\PA6\PA6\pa6.c(173,25): warning C4047: '=': 'char *' differs in levels of indirection from 'int'
C:\Users\lucar\OneDrive\Documents\WSU\CPTS121\PA6\PA6\pa6.c(178,29): warning C4047: '=': 'char *' differs in levels of indirection from 'char'
C:\Users\lucar\OneDrive\Documents\WSU\CPTS121\PA6\PA6\pa6.c(185,28): warning C4047: '==': 'char *' differs in levels of indirection from 'int'
C:\Users\lucar\OneDrive\Documents\WSU\CPTS121\PA6\PA6\pa6.c(189,25): warning C4047: '=': 'char *' differs in levels of indirection from 'int'
C:\Users\lucar\OneDrive\Documents\WSU\CPTS121\PA6\PA6\pa6.c(194,29): warning C4047: '=': 'char *' differs in levels of indirection from 'char'
C:\Users\lucar\OneDrive\Documents\WSU\CPTS121\PA6\PA6\pa6.c(238,34): warning C4047: '==': 'char *' differs in levels of indirection from 'int'
C:\Users\lucar\OneDrive\Documents\WSU\CPTS121\PA6\PA6\pa6.c(248,28): warning C4047: '==': 'char *' differs in levels of indirection from 'int'
C:\Users\lucar\OneDrive\Documents\WSU\CPTS121\PA6\PA6\pa6.c(255,28): warning C4047: '==': 'char *' differs in levels of indirection from 'int'
C:\Users\lucar\OneDrive\Documents\WSU\CPTS121\PA6\PA6\pa6.c(265,29): warning C4047: '==': 'char *' differs in levels of indirection from 'int'
C:\Users\lucar\OneDrive\Documents\WSU\CPTS121\PA6\PA6\pa6.c(269,26): warning C4047: '=': 'char *' differs in levels of indirection from 'int'
C:\Users\lucar\OneDrive\Documents\WSU\CPTS121\PA6\PA6\pa6.c(274,30): warning C4047: '=': 'char *' differs in levels of indirection from 'char'
C:\Users\lucar\OneDrive\Documents\WSU\CPTS121\PA6\PA6\pa6.c(281,29): warning C4047: '==': 'char *' differs in levels of indirection from 'int'
C:\Users\lucar\OneDrive\Documents\WSU\CPTS121\PA6\PA6\pa6.c(285,26): warning C4047: '=': 'char *' differs in levels of indirection from 'int'
C:\Users\lucar\OneDrive\Documents\WSU\CPTS121\PA6\PA6\pa6.c(290,30): warning C4047: '=': 'char *' differs in levels of indirection from 'char'
C:\Users\lucar\OneDrive\Documents\WSU\CPTS121\PA6\PA6\pa6.c(303,29): warning C4047: '==': 'char *' differs in levels of indirection from 'int'
C:\Users\lucar\OneDrive\Documents\WSU\CPTS121\PA6\PA6\pa6.c(303,55): warning C4047: '==': 'char *' differs in levels of indirection from 'int'
C:\Users\lucar\OneDrive\Documents\WSU\CPTS121\PA6\PA6\pa6.c(303,80): warning C4047: '==': 'char *' differs in levels of indirection from 'int'
C:\Users\lucar\OneDrive\Documents\WSU\CPTS121\PA6\PA6\pa6.c(307,34): warning C4047: '!=': 'char *' differs in levels of indirection from 'int'
C:\Users\lucar\OneDrive\Documents\WSU\CPTS121\PA6\PA6\pa6.c(307,60): warning C4047: '!=': 'char *' differs in levels of indirection from 'int'
C:\Users\lucar\OneDrive\Documents\WSU\CPTS121\PA6\PA6\pa6.c(307,85): warning C4047: '!=': 'char *' differs in levels of indirection from 'int'
C:\Users\lucar\OneDrive\Documents\WSU\CPTS121\PA6\PA6\pa6.c(321,32): warning C4047: '==': 'char *' differs in levels of indirection from 'int'
C:\Users\lucar\OneDrive\Documents\WSU\CPTS121\PA6\PA6\pa6.c(360,27): warning C4047: '!=': 'char *' differs in levels of indirection from 'int'
C:\Users\lucar\OneDrive\Documents\WSU\CPTS121\PA6\PA6\pa6.c(360,49): warning C4047: '!=': 'char *' differs in levels of indirection from 'int'
C:\Users\lucar\OneDrive\Documents\WSU\CPTS121\PA6\PA6\pa6.c(360,70): warning C4047: '!=': 'char *' differs in levels of indirection from 'int'
C:\Users\lucar\OneDrive\Documents\WSU\CPTS121\PA6\PA6\pa6.c(311): warning C4715: 'check_shot': not all control paths return a value
  PA6.vcxproj -> C:\Users\lucar\OneDrive\Documents\WSU\CPTS121\PA6\x64\Debug\PA6.exe
