Player 2 fired a shot at 2 6
Miss!
It didn't sink!

Player 1 fired a shot at 0 0
Miss!
It didn't sink!

Player 2 fired a shot at 3 0
Miss!
It didn't sink!

Player 1 fired a shot at 9 9
Miss!
It didn't sink!

Player 2 fired a shot at 1 0
Miss!
It didn't sink!

Player 1 fired a shot at 5 5
HIT!
It didn't sink!

Player 2 fired a shot at 8 3
Miss!
It didn't sink!

Player 1 fired a shot at 5 4
HIT!
The ship sunk!

Player 2 fired a shot at 8 5
Miss!
It didn't sink!

Player 1 fired a shot at 2 8
Miss!
It didn't sink!

Player 2 fired a shot at 6 8
Miss!
It didn't sink!

Player 1 fired a shot at 9 0
Miss!
It didn't sink!

Player 2 fired a shot at 4 8
Miss!
It didn't sink!

Player 1 fired a shot at 7 0
Miss!
It didn't sink!

Player 2 fired a shot at 5 4
HIT!
It didn't sink!

Player 1 fired a shot at 7 7
Miss!
It didn't sink!

Player 2 fired a shot at 7 3
HIT!
It didn't sink!

Player 1 fired a shot at 3 2
Miss!
It didn't sink!

Player 2 fired a shot at 4 1
HIT!
It didn't sink!

Player 1 fired a shot at 0 8
Miss!
It didn't sink!

Player 2 fired a shot at 2 8
Miss!
It didn't sink!

Player 1 fired a shot at 0 5
Miss!
It didn't sink!

Player 2 fired a shot at 0 8
Miss!
It didn't sink!

Player 1 fired a shot at 0 3
HIT!
It didn't sink!

Player 2 fired a shot at 0 3
Miss!
It didn't sink!

Player 1 fired a shot at 0 4
HIT!
It didn't sink!

Player 2 fired a shot at 7 7
Miss!
It didn't sink!

Player 1 fired a shot at 0 2
HIT!
The ship sunk!

Player 2 fired a shot at 3 7
HIT!
It didn't sink!

Player 1 fired a shot at 2 1
Miss!
It didn't sink!

Player 2 fired a shot at 6 0
Miss!
It didn't sink!

Player 1 fired a shot at 5 0
Miss!
It didn't sink!

Player 2 fired a shot at 6 7
Miss!
It didn't sink!

Player 1 fired a shot at 6 8
Miss!
It didn't sink!

Player 2 fired a shot at 3 4
Miss!
It didn't sink!

Player 1 fired a shot at 9 4
Miss!
It didn't sink!

Player 2 fired a shot at 0 2
Miss!
It didn't sink!

Player 1 fired a shot at 8 2
HIT!
It didn't sink!

Player 2 fired a shot at 3 6
Miss!
It didn't sink!

Player 1 fired a shot at 8 3
HIT!
It didn't sink!

Player 2 fired a shot at 7 1
HIT!
It didn't sink!

Player 1 fired a shot at 8 4
HIT!
It didn't sink!

Player 2 fired a shot at 4 3
Miss!
It didn't sink!

Player 1 fired a shot at 8 5
Miss!
It didn't sink!

Player 2 fired a shot at 1 6
Miss!
It didn't sink!

Player 1 fired a shot at 8 1
HIT!
It didn't sink!

Player 2 fired a shot at 5 0
Miss!
It didn't sink!

Player 1 fired a shot at 8 0
HIT!
The ship sunk!

Player 2 fired a shot at 1 8
Miss!
It didn't sink!

Player 1 fired a shot at 2 4
Miss!
It didn't sink!

Player 2 fired a shot at 4 2
Miss!
It didn't sink!

Player 1 fired a shot at 6 3
Miss!
It didn't sink!

Player 2 fired a shot at 5 8
Miss!
It didn't sink!

Player 1 fired a shot at 4 8
Miss!
It didn't sink!

Player 2 fired a shot at 2 2
Miss!
It didn't sink!

Player 1 fired a shot at 3 6
HIT!
It didn't sink!

Player 2 fired a shot at 0 1
HIT!
It didn't sink!

Player 1 fired a shot at 3 7
Miss!
It didn't sink!

Player 2 fired a shot at 8 2
Miss!
It didn't sink!

Player 1 fired a shot at 3 4
Miss!
It didn't sink!

Player 2 fired a shot at 7 0
HIT!
It didn't sink!

Player 1 fired a shot at 3 5
Miss!
It didn't sink!

Player 2 fired a shot at 3 5
Miss!
It didn't sink!

Player 1 fired a shot at 4 6
HIT!
It didn't sink!

Player 2 fired a shot at 3 1
HIT!
It didn't sink!

Player 1 fired a shot at 5 6
HIT!
The ship sunk!

Player 2 fired a shot at 2 5
Miss!
It didn't sink!

Player 1 fired a shot at 9 6
Miss!
It didn't sink!

Player 2 fired a shot at 1 4
HIT!
It didn't sink!

Player 1 fired a shot at 6 6
Miss!
It didn't sink!

Player 2 fired a shot at 5 2
Miss!
It didn't sink!

Player 1 fired a shot at 1 2
Miss!
It didn't sink!

Player 2 fired a shot at 2 7
HIT!
It didn't sink!

Player 1 fired a shot at 1 6
Miss!
It didn't sink!

Player 2 fired a shot at 5 3
Miss!
It didn't sink!

Player 1 fired a shot at 1 7
Miss!
It didn't sink!

Player 2 fired a shot at 6 2
Miss!
It didn't sink!

Player 1 fired a shot at 4 9
Miss!
It didn't sink!

Player 2 fired a shot at 3 2
Miss!
It didn't sink!

Player 1 fired a shot at 0 9
Miss!
It didn't sink!

Player 2 fired a shot at 5 1
Miss!
It didn't sink!

Player 1 fired a shot at 2 9
Miss!
It didn't sink!

Player 2 fired a shot at 6 4
Miss!
It didn't sink!

Player 1 fired a shot at 7 9
Miss!
It didn't sink!

Player 2 fired a shot at 6 3
Miss!
It didn't sink!

Player 1 fired a shot at 6 0
Miss!
It didn't sink!

Player 2 fired a shot at 0 7
Miss!
It didn't sink!

Player 1 fired a shot at 4 0
Miss!
It didn't sink!

Player 2 fired a shot at 5 5
Miss!
It didn't sink!

Player 1 fired a shot at 4 3
HIT!
It didn't sink!

Player 2 fired a shot at 0 6
Miss!
It didn't sink!

Player 1 fired a shot at 4 4
HIT!
It didn't sink!

Player 2 fired a shot at 7 8
Miss!
It didn't sink!

Player 1 fired a shot at 4 5
HIT!
It didn't sink!

Player 2 fired a shot at 4 6
Miss!
It didn't sink!

Player 1 fired a shot at 4 2
HIT!
The ship sunk!


==PLAYER 1 GAME STATISTICS==
SHIPS SUNK: 5
HITS: 17
MISSES: 31

==PLAYER 2 GAME STATISTICS==
SHIPS SUNK: 0
HITS: 10
MISSES: 38
